0 verbose cli /Users/teja/.nvm/versions/node/v18.20.8/bin/node /Users/teja/.nvm/versions/node/v18.20.8/lib/node_modules/npm/bin/npm-cli.js
1 info using npm@10.8.2
2 info using node@v18.20.8
3 silly config load:file:/Users/teja/.nvm/versions/node/v18.20.8/lib/node_modules/npm/npmrc
4 silly config load:file:/Users/teja/Documents/Mark/ReactNative/.npmrc
5 silly config load:file:/Users/teja/.npmrc
6 silly config load:file:/Users/teja/.nvm/versions/node/v18.20.8/etc/npmrc
7 verbose title npm exec expo-router types
8 verbose argv "exec" "--" "expo-router" "types"
9 verbose logfile logs-max:10 dir:/Users/teja/Documents/Mark/ReactNative/.npm-cache/_logs/2025-12-21T08_11_13_518Z-
10 verbose logfile /Users/teja/Documents/Mark/ReactNative/.npm-cache/_logs/2025-12-21T08_11_13_518Z-debug-0.log
11 silly logfile done cleaning log files
12 silly packumentCache heap:2197815296 maxSize:549453824 maxEntrySize:274726912
13 verbose stack Error: could not determine executable to run
13 verbose stack     at getBinFromManifest (/Users/teja/.nvm/versions/node/v18.20.8/lib/node_modules/npm/node_modules/libnpmexec/lib/get-bin-from-manifest.js:17:23)
13 verbose stack     at exec (/Users/teja/.nvm/versions/node/v18.20.8/lib/node_modules/npm/node_modules/libnpmexec/lib/index.js:202:15)
13 verbose stack     at async Npm.exec (/Users/teja/.nvm/versions/node/v18.20.8/lib/node_modules/npm/lib/npm.js:207:9)
13 verbose stack     at async module.exports (/Users/teja/.nvm/versions/node/v18.20.8/lib/node_modules/npm/lib/cli/entry.js:74:5)
14 verbose pkgid expo-router@6.0.19
15 error could not determine executable to run
16 verbose cwd /Users/teja/Documents/Mark/ReactNative
17 verbose os Darwin 24.6.0
18 verbose node v18.20.8
19 verbose npm  v10.8.2
20 verbose exit 1
21 verbose code 1
22 error A complete log of this run can be found in: /Users/teja/Documents/Mark/ReactNative/.npm-cache/_logs/2025-12-21T08_11_13_518Z-debug-0.log
